<?xml version="1.0" encoding="UTF-8"?>
<!-- Generated by org.testng.reporters.JUnitReportReporter -->
<testsuite hostname="LAPTOP-6883ILH2" failures="0" tests="4" name="datadriventesting.DataDrivenTest" time="16.181" errors="0" timestamp="2022-05-18T23:12:18 IST" skipped="0">
  <testcase classname="datadriventesting.DataDrivenTest" name="loginTest" time="1.669"/>
  <system-out/>
  <testcase classname="datadriventesting.DataDrivenTest" name="loginTest" time="1.633"/>
  <system-out/>
  <testcase classname="datadriventesting.DataDrivenTest" name="loginTest" time="1.819"/>
  <system-out/>
  <testcase classname="datadriventesting.DataDrivenTest" name="loginTest" time="11.060"/>
  <system-out/>
</testsuite> <!-- datadriventesting.DataDrivenTest -->
